# JRE version: Java(TM) SE Runtime Environment (12.0.1+12) (build 12.0.1+12)
# Java VM: Java HotSpot(TM) 64-Bit Server VM (12.0.1+12, mixed mode, sharing, tiered, compressed oops, g1 gc, windows-amd64)
Heap:
 garbage-first heap   total 230400K, used 135746K [0x0000000082000000, 0x0000000100000000)
  region size 1024K, 4 young (4096K), 3 survivors (3072K)
 Metaspace       used 46526K, capacity 48358K, committed 48616K, reserved 1091584K
  class space    used 6315K, capacity 7101K, committed 7148K, reserved 1048576K
GC Heap History (10 events):
Event: 4.306 GC heap before
{Heap before GC invocations=17 (full 0):
 garbage-first heap   total 135168K, used 116194K [0x0000000082000000, 0x0000000100000000)
  region size 1024K, 24 young (24576K), 4 survivors (4096K)
 Metaspace       used 44545K, capacity 46287K, committed 46568K, reserved 1089536K
  class space    used 6035K, capacity 6819K, committed 6892K, reserved 1048576K
}
Event: 4.310 GC heap after
{Heap after GC invocations=18 (full 0):
 garbage-first heap   total 135168K, used 97307K [0x0000000082000000, 0x0000000100000000)
  region size 1024K, 3 young (3072K), 3 survivors (3072K)
 Metaspace       used 44545K, capacity 46287K, committed 46568K, reserved 1089536K
  class space    used 6035K, capacity 6819K, committed 6892K, reserved 1048576K
}
Event: 4.409 GC heap before
{Heap before GC invocations=18 (full 0):
 garbage-first heap   total 135168K, used 112667K [0x0000000082000000, 0x0000000100000000)
  region size 1024K, 19 young (19456K), 3 survivors (3072K)
 Metaspace       used 45155K, capacity 46890K, committed 47208K, reserved 1089536K
  class space    used 6119K, capacity 6891K, committed 7020K, reserved 1048576K
}
Event: 4.413 GC heap after
{Heap after GC invocations=19 (full 0):
 garbage-first heap   total 162816K, used 98910K [0x0000000082000000, 0x0000000100000000)
  region size 1024K, 2 young (2048K), 2 survivors (2048K)
 Metaspace       used 45155K, capacity 46890K, committed 47208K, reserved 1089536K
  class space    used 6119K, capacity 6891K, committed 7020K, reserved 1048576K
}
Event: 4.661 GC heap before
{Heap before GC invocations=20 (full 0):
 garbage-first heap   total 176128K, used 125534K [0x0000000082000000, 0x0000000100000000)
  region size 1024K, 28 young (28672K), 2 survivors (2048K)
 Metaspace       used 46209K, capacity 48019K, committed 48360K, reserved 1091584K
  class space    used 6262K, capacity 7053K, committed 7148K, reserved 1048576K
}
Event: 4.664 GC heap after
{Heap after GC invocations=21 (full 0):
 garbage-first heap   total 176128K, used 100264K [0x0000000082000000, 0x0000000100000000)
  region size 1024K, 3 young (3072K), 3 survivors (3072K)
 Metaspace       used 46209K, capacity 48019K, committed 48360K, reserved 1091584K
  class space    used 6262K, capacity 7053K, committed 7148K, reserved 1048576K
}
Event: 8.300 GC heap before
{Heap before GC invocations=21 (full 0):
 garbage-first heap   total 176128K, used 114600K [0x0000000082000000, 0x0000000100000000)
  region size 1024K, 18 young (18432K), 3 survivors (3072K)
 Metaspace       used 46515K, capacity 48288K, committed 48360K, reserved 1091584K
  class space    used 6313K, capacity 7100K, committed 7148K, reserved 1048576K
}
Event: 8.303 GC heap after
{Heap after GC invocations=22 (full 0):
 garbage-first heap   total 176128K, used 100535K [0x0000000082000000, 0x0000000100000000)
  region size 1024K, 3 young (3072K), 3 survivors (3072K)
 Metaspace       used 46515K, capacity 48288K, committed 48360K, reserved 1091584K
  class space    used 6313K, capacity 7100K, committed 7148K, reserved 1048576K
}
Event: 13.312 GC heap before
{Heap before GC invocations=23 (full 0):
 garbage-first heap   total 203776K, used 121015K [0x0000000082000000, 0x0000000100000000)
  region size 1024K, 7 young (7168K), 3 survivors (3072K)
 Metaspace       used 46526K, capacity 48358K, committed 48616K, reserved 1091584K
  class space    used 6315K, capacity 7101K, committed 7148K, reserved 1048576K
}
Event: 13.315 GC heap after
{Heap after GC invocations=24 (full 0):
 garbage-first heap   total 203776K, used 118338K [0x0000000082000000, 0x0000000100000000)
  region size 1024K, 3 young (3072K), 3 survivors (3072K)
 Metaspace       used 46526K, capacity 48358K, committed 48616K, reserved 1091584K
  class space    used 6315K, capacity 7101K, committed 7148K, reserved 1048576K
}

